17:47:57.902 [main] DEBUG Hippodrome - Создание Hippodrome, лошадей 7
17:47:57.903 [main] INFO  Main - Начало скачек. Количество участников: 7 
17:48:18.482 [main] INFO  Main - Окончание скачек. Победитель: Cherry
17:49:18.560  DEBUG Hippodrome - Создание Hippodrome, лошадей 7
17:49:18.562  INFO  Main - Начало скачек. Количество участников: 7 
17:49:39.001  INFO  Main - Окончание скачек. Победитель: Cherry
2025-08-15T17:50:55,593  DEBUG Hippodrome - Создание Hippodrome, лошадей 7
2025-08-15T17:50:55,595  INFO  Main - Начало скачек. Количество участников: 7 
2025-08-15T17:51:16,016  INFO  Main - Окончание скачек. Победитель: Cherry
2025-08-15 17:51:36  DEBUG Hippodrome - Создание Hippodrome, лошадей 7
2025-08-15 17:51:36  INFO  Main - Начало скачек. Количество участников: 7 
2025-08-15 17:51:56  INFO  Main - Окончание скачек. Победитель: Cherry
2025-08-15 17:54:23  DEBUG Hippodrome - Создание Hippodrome, лошадей 7
2025-08-15 17:54:23  INFO  Main - Начало скачек. Количество участников: 7 
2025-08-15 17:54:44  INFO  Main - Окончание скачек. Победитель: Cherry
2025-08-15 17:55:43  Hippodrome - Создание Hippodrome, лошадей 7
2025-08-15 17:55:43  Main - Начало скачек. Количество участников: 7 
2025-08-15 17:56:04  Main - Окончание скачек. Победитель: Cherry
2025-08-15 17:56:58  DEBUG - Создание Hippodrome, лошадей 7
2025-08-15 17:56:58  INFO  - Начало скачек. Количество участников: 7 
2025-08-15 17:57:19  INFO  - Окончание скачек. Победитель: Cherry
2025-08-15 18:08:28  DEBUG - Создание Hippodrome, лошадей 7
2025-08-15 18:08:29  INFO  - Начало скачек. Количество участников: 7 
2025-08-15 18:09:01  DEBUG - Создание Hippodrome, лошадей 7
2025-08-15 18:09:01  INFO  - Начало скачек. Количество участников: 7 
2025-08-15 18:09:21  INFO  - Окончание скачек. Победитель: Pegasus
2025-08-15 18:10:09  DEBUG - Создание Hippodrome, лошадей 7
2025-08-15 18:10:09  INFO  - Начало скачек. Количество участников: 7 
2025-08-15 18:10:30  INFO  - Окончание скачек. Победитель: Cherry
2025-08-15 18:11:52  INFO  - Начало скачек. Количество участников: 7 
2025-08-15 18:12:07  DEBUG - Создание Hippodrome, лошадей 7
2025-08-15 18:12:07  INFO  - Начало скачек. Количество участников: 7 
2025-08-15 18:12:28  INFO  - Окончание скачек. Победитель: Cherry
